2014-10-18 13:14:21,400 [7] Orchard.Environment.DefaultOrchardHost - (null) - A tenant could not be started: Default
 (null)
System.Data.SqlClient.SqlException (0x80131904): A network-related or instance-specific error occurred while establishing a connection to SQL Server. The server was not found or was not accessible. Verify that the instance name is correct and that SQL Server is configured to allow remote connections. (provider: TCP Provider, error: 0 - The requested name is valid, but no data of the requested type was found.) ---> System.ComponentModel.Win32Exception (0x80004005): The requested name is valid, but no data of the requested type was found
   at System.Data.SqlClient.SqlInternalConnection.OnError(SqlException exception, Boolean breakConnection, Action`1 wrapCloseInAction)
   at System.Data.SqlClient.TdsParser.ThrowExceptionAndWarning(TdsParserStateObject stateObj, Boolean callerHasConnectionLock, Boolean asyncClose)
   at System.Data.SqlClient.TdsParser.Connect(ServerInfo serverInfo, SqlInternalConnectionTds connHandler, Boolean ignoreSniOpenTimeout, Int64 timerExpire, Boolean encrypt, Boolean trustServerCert, Boolean integratedSecurity, Boolean withFailover)
   at System.Data.SqlClient.SqlInternalConnectionTds.AttemptOneLogin(ServerInfo serverInfo, String newPassword, SecureString newSecurePassword, Boolean ignoreSniOpenTimeout, TimeoutTimer timeout, Boolean withFailover)
   at System.Data.SqlClient.SqlInternalConnectionTds.LoginNoFailover(ServerInfo serverInfo, String newPassword, SecureString newSecurePassword, Boolean redirectedUserInstance, SqlConnectionString connectionOptions, SqlCredential credential, TimeoutTimer timeout)
   at System.Data.SqlClient.SqlInternalConnectionTds.OpenLoginEnlist(TimeoutTimer timeout, SqlConnectionString connectionOptions, SqlCredential credential, String newPassword, SecureString newSecurePassword, Boolean redirectedUserInstance)
   at System.Data.SqlClient.SqlInternalConnectionTds..ctor(DbConnectionPoolIdentity identity, SqlConnectionString connectionOptions, SqlCredential credential, Object providerInfo, String newPassword, SecureString newSecurePassword, Boolean redirectedUserInstance, SqlConnectionString userConnectionOptions, SessionData reconnectSessionData)
   at System.Data.SqlClient.SqlConnectionFactory.CreateConnection(DbConnectionOptions options, DbConnectionPoolKey poolKey, Object poolGroupProviderInfo, DbConnectionPool pool, DbConnection owningConnection, DbConnectionOptions userOptions)
   at System.Data.ProviderBase.DbConnectionFactory.CreatePooledConnection(DbConnectionPool pool, DbConnection owningObject, DbConnectionOptions options, DbConnectionPoolKey poolKey, DbConnectionOptions userOptions)
   at System.Data.ProviderBase.DbConnectionPool.CreateObject(DbConnection owningObject, DbConnectionOptions userOptions, DbConnectionInternal oldConnection)
   at System.Data.ProviderBase.DbConnectionPool.UserCreateRequest(DbConnection owningObject, DbConnectionOptions userOptions, DbConnectionInternal oldConnection)
   at System.Data.ProviderBase.DbConnectionPool.TryGetConnection(DbConnection owningObject, UInt32 waitForMultipleObjectsTimeout, Boolean allowCreate, Boolean onlyOneCheckConnection, DbConnectionOptions userOptions, DbConnectionInternal& connection)
   at System.Data.ProviderBase.DbConnectionPool.TryGetConnection(DbConnection owningObject, TaskCompletionSource`1 retry, DbConnectionOptions userOptions, DbConnectionInternal& connection)
   at System.Data.ProviderBase.DbConnectionFactory.TryGetConnection(DbConnection owningConnection, TaskCompletionSource`1 retry, DbConnectionOptions userOptions, DbConnectionInternal oldConnection, DbConnectionInternal& connection)
   at System.Data.ProviderBase.DbConnectionInternal.TryOpenConnectionInternal(DbConnection outerConnection, DbConnectionFactory connectionFactory, TaskCompletionSource`1 retry, DbConnectionOptions userOptions)
   at System.Data.ProviderBase.DbConnectionClosed.TryOpenConnection(DbConnection outerConnection, DbConnectionFactory connectionFactory, TaskCompletionSource`1 retry, DbConnectionOptions userOptions)
   at System.Data.SqlClient.SqlConnection.TryOpenInner(TaskCompletionSource`1 retry)
   at System.Data.SqlClient.SqlConnection.TryOpen(TaskCompletionSource`1 retry)
   at System.Data.SqlClient.SqlConnection.Open()
   at Microsoft.Practices.EnterpriseLibrary.WindowsAzure.TransientFaultHandling.SqlAzure.ReliableSqlConnection.<Open>b__7() in :line 0
   at Microsoft.Practices.TransientFaultHandling.RetryPolicy.<>c__DisplayClass1.<ExecuteAction>b__0() in :line 0
   at Microsoft.Practices.TransientFaultHandling.RetryPolicy.ExecuteAction[TResult](Func`1 func) in :line 0
   at Microsoft.Practices.TransientFaultHandling.RetryPolicy.ExecuteAction(Action action) in :line 0
   at Microsoft.Practices.EnterpriseLibrary.WindowsAzure.TransientFaultHandling.SqlAzure.ReliableSqlConnection.<Open>b__6() in :line 0
   at Microsoft.Practices.TransientFaultHandling.RetryPolicy.<>c__DisplayClass1.<ExecuteAction>b__0() in :line 0
   at Microsoft.Practices.TransientFaultHandling.RetryPolicy.ExecuteAction[TResult](Func`1 func) in :line 0
   at Microsoft.Practices.TransientFaultHandling.RetryPolicy.ExecuteAction(Action action) in :line 0
   at Microsoft.Practices.EnterpriseLibrary.WindowsAzure.TransientFaultHandling.SqlAzure.ReliableSqlConnection.Open(RetryPolicy retryPolicy) in :line 0
   at NHibernate.SqlAzure.ReliableSqlDbConnection.Open() in c:\TeamCity\buildAgent\work\99f31db0d548c7b7\NHibernate.SqlAzure\ReliableSqlDbConnection.cs:line 91
   at NHibernate.Connection.DriverConnectionProvider.GetConnection() in c:\Users\sebros\Documents\My Projects\nhibernate-core\src\NHibernate\Connection\DriverConnectionProvider.cs:line 46
   at NHibernate.AdoNet.ConnectionManager.GetConnection() in c:\Users\sebros\Documents\My Projects\nhibernate-core\src\NHibernate\AdoNet\ConnectionManager.cs:line 196
   at NHibernate.Impl.SessionImpl.get_Connection() in c:\Users\sebros\Documents\My Projects\nhibernate-core\src\NHibernate\Impl\SessionImpl.cs:line 1634
   at NHibernate.SqlAzure.ReliableAdoTransaction..ctor(ISessionImplementor session) in c:\TeamCity\buildAgent\work\99f31db0d548c7b7\NHibernate.SqlAzure\ReliableAdoTransaction.cs:line 20
   at NHibernate.SqlAzure.ReliableAdoNetWithDistributedTransactionFactory.CreateTransaction(ISessionImplementor session) in c:\TeamCity\buildAgent\work\99f31db0d548c7b7\NHibernate.SqlAzure\ReliableAdoNetWithDistributedTransactionFactory.cs:line 18
   at NHibernate.AdoNet.ConnectionManager.get_Transaction() in c:\Users\sebros\Documents\My Projects\nhibernate-core\src\NHibernate\AdoNet\ConnectionManager.cs:line 334
   at NHibernate.Impl.SessionImpl.BeginTransaction(IsolationLevel isolationLevel) in c:\Users\sebros\Documents\My Projects\nhibernate-core\src\NHibernate\Impl\SessionImpl.cs:line 1451
   at Orchard.Data.SessionLocator.Demand() in z:\Builds\work\d1eb156ccc3cb14\src\Orchard\Data\SessionLocator.cs:line 46
   at Orchard.Data.SessionLocator.For(Type entityType) in z:\Builds\work\d1eb156ccc3cb14\src\Orchard\Data\SessionLocator.cs:line 36
   at Orchard.Data.Repository`1.get_Session() in z:\Builds\work\d1eb156ccc3cb14\src\Orchard\Data\Repository.cs:line 26
   at Orchard.Data.Repository`1.get_Table() in z:\Builds\work\d1eb156ccc3cb14\src\Orchard\Data\Repository.cs:line 30
   at Orchard.Data.Repository`1.Orchard.Data.IRepository<T>.get_Table() in z:\Builds\work\d1eb156ccc3cb14\src\Orchard\Data\Repository.cs:line 64
   at Orchard.Core.Settings.Descriptor.ShellDescriptorManager.GetDescriptorRecord() in z:\Builds\work\d1eb156ccc3cb14\src\Orchard.Web\Core\Settings\Descriptor\ShellDescriptorManager.cs:line 60
   at Orchard.Core.Settings.Descriptor.ShellDescriptorManager.GetShellDescriptor() in z:\Builds\work\d1eb156ccc3cb14\src\Orchard.Web\Core\Settings\Descriptor\ShellDescriptorManager.cs:line 32
   at Orchard.Environment.ShellBuilders.ShellContextFactory.CreateShellContext(ShellSettings settings) in z:\Builds\work\d1eb156ccc3cb14\src\Orchard\Environment\ShellBuilders\ShellContextFactory.cs:line 66
   at Orchard.Environment.DefaultOrchardHost.CreateShellContext(ShellSettings settings) in z:\Builds\work\d1eb156ccc3cb14\src\Orchard\Environment\DefaultOrchardHost.cs:line 185
   at Orchard.Environment.DefaultOrchardHost.<CreateAndActivateShells>b__7(ShellSettings settings) in z:\Builds\work\d1eb156ccc3cb14\src\Orchard\Environment\DefaultOrchardHost.cs:line 135
ClientConnectionId:00000000-0000-0000-0000-000000000000
2014-10-18 13:14:21,907 [7] Orchard.Environment.DefaultOrchardHost - (null) - A tenant could not be started: Default
 (null)
System.Data.SqlClient.SqlException (0x80131904): A network-related or instance-specific error occurred while establishing a connection to SQL Server. The server was not found or was not accessible. Verify that the instance name is correct and that SQL Server is configured to allow remote connections. (provider: TCP Provider, error: 0 - The requested name is valid, but no data of the requested type was found.) ---> System.ComponentModel.Win32Exception (0x80004005): The requested name is valid, but no data of the requested type was found
   at System.Data.ProviderBase.DbConnectionPool.TryGetConnection(DbConnection owningObject, UInt32 waitForMultipleObjectsTimeout, Boolean allowCreate, Boolean onlyOneCheckConnection, DbConnectionOptions userOptions, DbConnectionInternal& connection)
   at System.Data.ProviderBase.DbConnectionPool.TryGetConnection(DbConnection owningObject, TaskCompletionSource`1 retry, DbConnectionOptions userOptions, DbConnectionInternal& connection)
   at System.Data.ProviderBase.DbConnectionFactory.TryGetConnection(DbConnection owningConnection, TaskCompletionSource`1 retry, DbConnectionOptions userOptions, DbConnectionInternal oldConnection, DbConnectionInternal& connection)
   at System.Data.ProviderBase.DbConnectionInternal.TryOpenConnectionInternal(DbConnection outerConnection, DbConnectionFactory connectionFactory, TaskCompletionSource`1 retry, DbConnectionOptions userOptions)
   at System.Data.ProviderBase.DbConnectionClosed.TryOpenConnection(DbConnection outerConnection, DbConnectionFactory connectionFactory, TaskCompletionSource`1 retry, DbConnectionOptions userOptions)
   at System.Data.SqlClient.SqlConnection.TryOpenInner(TaskCompletionSource`1 retry)
   at System.Data.SqlClient.SqlConnection.TryOpen(TaskCompletionSource`1 retry)
   at System.Data.SqlClient.SqlConnection.Open()
   at Microsoft.Practices.EnterpriseLibrary.WindowsAzure.TransientFaultHandling.SqlAzure.ReliableSqlConnection.<Open>b__7() in :line 0
   at Microsoft.Practices.TransientFaultHandling.RetryPolicy.<>c__DisplayClass1.<ExecuteAction>b__0() in :line 0
   at Microsoft.Practices.TransientFaultHandling.RetryPolicy.ExecuteAction[TResult](Func`1 func) in :line 0
   at Microsoft.Practices.TransientFaultHandling.RetryPolicy.ExecuteAction(Action action) in :line 0
   at Microsoft.Practices.EnterpriseLibrary.WindowsAzure.TransientFaultHandling.SqlAzure.ReliableSqlConnection.<Open>b__6() in :line 0
   at Microsoft.Practices.TransientFaultHandling.RetryPolicy.<>c__DisplayClass1.<ExecuteAction>b__0() in :line 0
   at Microsoft.Practices.TransientFaultHandling.RetryPolicy.ExecuteAction[TResult](Func`1 func) in :line 0
   at Microsoft.Practices.TransientFaultHandling.RetryPolicy.ExecuteAction(Action action) in :line 0
   at Microsoft.Practices.EnterpriseLibrary.WindowsAzure.TransientFaultHandling.SqlAzure.ReliableSqlConnection.Open(RetryPolicy retryPolicy) in :line 0
   at NHibernate.SqlAzure.ReliableSqlDbConnection.Open() in c:\TeamCity\buildAgent\work\99f31db0d548c7b7\NHibernate.SqlAzure\ReliableSqlDbConnection.cs:line 91
   at NHibernate.Connection.DriverConnectionProvider.GetConnection() in c:\Users\sebros\Documents\My Projects\nhibernate-core\src\NHibernate\Connection\DriverConnectionProvider.cs:line 46
   at NHibernate.AdoNet.ConnectionManager.GetConnection() in c:\Users\sebros\Documents\My Projects\nhibernate-core\src\NHibernate\AdoNet\ConnectionManager.cs:line 196
   at NHibernate.Impl.SessionImpl.get_Connection() in c:\Users\sebros\Documents\My Projects\nhibernate-core\src\NHibernate\Impl\SessionImpl.cs:line 1634
   at NHibernate.SqlAzure.ReliableAdoTransaction..ctor(ISessionImplementor session) in c:\TeamCity\buildAgent\work\99f31db0d548c7b7\NHibernate.SqlAzure\ReliableAdoTransaction.cs:line 20
   at NHibernate.SqlAzure.ReliableAdoNetWithDistributedTransactionFactory.CreateTransaction(ISessionImplementor session) in c:\TeamCity\buildAgent\work\99f31db0d548c7b7\NHibernate.SqlAzure\ReliableAdoNetWithDistributedTransactionFactory.cs:line 18
   at NHibernate.AdoNet.ConnectionManager.get_Transaction() in c:\Users\sebros\Documents\My Projects\nhibernate-core\src\NHibernate\AdoNet\ConnectionManager.cs:line 334
   at NHibernate.Impl.SessionImpl.BeginTransaction(IsolationLevel isolationLevel) in c:\Users\sebros\Documents\My Projects\nhibernate-core\src\NHibernate\Impl\SessionImpl.cs:line 1451
   at Orchard.Data.SessionLocator.Demand() in z:\Builds\work\d1eb156ccc3cb14\src\Orchard\Data\SessionLocator.cs:line 46
   at Orchard.Data.SessionLocator.For(Type entityType) in z:\Builds\work\d1eb156ccc3cb14\src\Orchard\Data\SessionLocator.cs:line 36
   at Orchard.Data.Repository`1.get_Session() in z:\Builds\work\d1eb156ccc3cb14\src\Orchard\Data\Repository.cs:line 26
   at Orchard.Data.Repository`1.get_Table() in z:\Builds\work\d1eb156ccc3cb14\src\Orchard\Data\Repository.cs:line 30
   at Orchard.Data.Repository`1.Orchard.Data.IRepository<T>.get_Table() in z:\Builds\work\d1eb156ccc3cb14\src\Orchard\Data\Repository.cs:line 64
   at Orchard.Core.Settings.Descriptor.ShellDescriptorManager.GetDescriptorRecord() in z:\Builds\work\d1eb156ccc3cb14\src\Orchard.Web\Core\Settings\Descriptor\ShellDescriptorManager.cs:line 60
   at Orchard.Core.Settings.Descriptor.ShellDescriptorManager.GetShellDescriptor() in z:\Builds\work\d1eb156ccc3cb14\src\Orchard.Web\Core\Settings\Descriptor\ShellDescriptorManager.cs:line 32
   at Orchard.Environment.ShellBuilders.ShellContextFactory.CreateShellContext(ShellSettings settings) in z:\Builds\work\d1eb156ccc3cb14\src\Orchard\Environment\ShellBuilders\ShellContextFactory.cs:line 66
   at Orchard.Environment.DefaultOrchardHost.CreateShellContext(ShellSettings settings) in z:\Builds\work\d1eb156ccc3cb14\src\Orchard\Environment\DefaultOrchardHost.cs:line 185
   at Orchard.Environment.DefaultOrchardHost.<CreateAndActivateShells>b__7(ShellSettings settings) in z:\Builds\work\d1eb156ccc3cb14\src\Orchard\Environment\DefaultOrchardHost.cs:line 135
ClientConnectionId:00000000-0000-0000-0000-000000000000
2014-10-18 13:14:22,207 [11] Orchard.Environment.DefaultOrchardHost - (null) - A tenant could not be started: Default
 http://localhost:32696/
System.Data.SqlClient.SqlException (0x80131904): A network-related or instance-specific error occurred while establishing a connection to SQL Server. The server was not found or was not accessible. Verify that the instance name is correct and that SQL Server is configured to allow remote connections. (provider: TCP Provider, error: 0 - The requested name is valid, but no data of the requested type was found.) ---> System.ComponentModel.Win32Exception (0x80004005): The requested name is valid, but no data of the requested type was found
   at System.Data.ProviderBase.DbConnectionPool.TryGetConnection(DbConnection owningObject, UInt32 waitForMultipleObjectsTimeout, Boolean allowCreate, Boolean onlyOneCheckConnection, DbConnectionOptions userOptions, DbConnectionInternal& connection)
   at System.Data.ProviderBase.DbConnectionPool.TryGetConnection(DbConnection owningObject, TaskCompletionSource`1 retry, DbConnectionOptions userOptions, DbConnectionInternal& connection)
   at System.Data.ProviderBase.DbConnectionFactory.TryGetConnection(DbConnection owningConnection, TaskCompletionSource`1 retry, DbConnectionOptions userOptions, DbConnectionInternal oldConnection, DbConnectionInternal& connection)
   at System.Data.ProviderBase.DbConnectionInternal.TryOpenConnectionInternal(DbConnection outerConnection, DbConnectionFactory connectionFactory, TaskCompletionSource`1 retry, DbConnectionOptions userOptions)
   at System.Data.ProviderBase.DbConnectionClosed.TryOpenConnection(DbConnection outerConnection, DbConnectionFactory connectionFactory, TaskCompletionSource`1 retry, DbConnectionOptions userOptions)
   at System.Data.SqlClient.SqlConnection.TryOpenInner(TaskCompletionSource`1 retry)
   at System.Data.SqlClient.SqlConnection.TryOpen(TaskCompletionSource`1 retry)
   at System.Data.SqlClient.SqlConnection.Open()
   at Microsoft.Practices.EnterpriseLibrary.WindowsAzure.TransientFaultHandling.SqlAzure.ReliableSqlConnection.<Open>b__7() in :line 0
   at Microsoft.Practices.TransientFaultHandling.RetryPolicy.<>c__DisplayClass1.<ExecuteAction>b__0() in :line 0
   at Microsoft.Practices.TransientFaultHandling.RetryPolicy.ExecuteAction[TResult](Func`1 func) in :line 0
   at Microsoft.Practices.TransientFaultHandling.RetryPolicy.ExecuteAction(Action action) in :line 0
   at Microsoft.Practices.EnterpriseLibrary.WindowsAzure.TransientFaultHandling.SqlAzure.ReliableSqlConnection.<Open>b__6() in :line 0
   at Microsoft.Practices.TransientFaultHandling.RetryPolicy.<>c__DisplayClass1.<ExecuteAction>b__0() in :line 0
   at Microsoft.Practices.TransientFaultHandling.RetryPolicy.ExecuteAction[TResult](Func`1 func) in :line 0
   at Microsoft.Practices.TransientFaultHandling.RetryPolicy.ExecuteAction(Action action) in :line 0
   at Microsoft.Practices.EnterpriseLibrary.WindowsAzure.TransientFaultHandling.SqlAzure.ReliableSqlConnection.Open(RetryPolicy retryPolicy) in :line 0
   at NHibernate.SqlAzure.ReliableSqlDbConnection.Open() in c:\TeamCity\buildAgent\work\99f31db0d548c7b7\NHibernate.SqlAzure\ReliableSqlDbConnection.cs:line 91
   at NHibernate.Connection.DriverConnectionProvider.GetConnection() in c:\Users\sebros\Documents\My Projects\nhibernate-core\src\NHibernate\Connection\DriverConnectionProvider.cs:line 46
   at NHibernate.AdoNet.ConnectionManager.GetConnection() in c:\Users\sebros\Documents\My Projects\nhibernate-core\src\NHibernate\AdoNet\ConnectionManager.cs:line 196
   at NHibernate.Impl.SessionImpl.get_Connection() in c:\Users\sebros\Documents\My Projects\nhibernate-core\src\NHibernate\Impl\SessionImpl.cs:line 1634
   at NHibernate.SqlAzure.ReliableAdoTransaction..ctor(ISessionImplementor session) in c:\TeamCity\buildAgent\work\99f31db0d548c7b7\NHibernate.SqlAzure\ReliableAdoTransaction.cs:line 20
   at NHibernate.SqlAzure.ReliableAdoNetWithDistributedTransactionFactory.CreateTransaction(ISessionImplementor session) in c:\TeamCity\buildAgent\work\99f31db0d548c7b7\NHibernate.SqlAzure\ReliableAdoNetWithDistributedTransactionFactory.cs:line 18
   at NHibernate.AdoNet.ConnectionManager.get_Transaction() in c:\Users\sebros\Documents\My Projects\nhibernate-core\src\NHibernate\AdoNet\ConnectionManager.cs:line 334
   at NHibernate.Impl.SessionImpl.BeginTransaction(IsolationLevel isolationLevel) in c:\Users\sebros\Documents\My Projects\nhibernate-core\src\NHibernate\Impl\SessionImpl.cs:line 1451
   at Orchard.Data.SessionLocator.Demand() in z:\Builds\work\d1eb156ccc3cb14\src\Orchard\Data\SessionLocator.cs:line 46
   at Orchard.Data.SessionLocator.For(Type entityType) in z:\Builds\work\d1eb156ccc3cb14\src\Orchard\Data\SessionLocator.cs:line 36
   at Orchard.Data.Repository`1.get_Session() in z:\Builds\work\d1eb156ccc3cb14\src\Orchard\Data\Repository.cs:line 26
   at Orchard.Data.Repository`1.get_Table() in z:\Builds\work\d1eb156ccc3cb14\src\Orchard\Data\Repository.cs:line 30
   at Orchard.Data.Repository`1.Orchard.Data.IRepository<T>.get_Table() in z:\Builds\work\d1eb156ccc3cb14\src\Orchard\Data\Repository.cs:line 64
   at Orchard.Core.Settings.Descriptor.ShellDescriptorManager.GetDescriptorRecord() in z:\Builds\work\d1eb156ccc3cb14\src\Orchard.Web\Core\Settings\Descriptor\ShellDescriptorManager.cs:line 60
   at Orchard.Core.Settings.Descriptor.ShellDescriptorManager.GetShellDescriptor() in z:\Builds\work\d1eb156ccc3cb14\src\Orchard.Web\Core\Settings\Descriptor\ShellDescriptorManager.cs:line 32
   at Orchard.Environment.ShellBuilders.ShellContextFactory.CreateShellContext(ShellSettings settings) in z:\Builds\work\d1eb156ccc3cb14\src\Orchard\Environment\ShellBuilders\ShellContextFactory.cs:line 66
   at Orchard.Environment.DefaultOrchardHost.CreateShellContext(ShellSettings settings) in z:\Builds\work\d1eb156ccc3cb14\src\Orchard\Environment\DefaultOrchardHost.cs:line 185
   at Orchard.Environment.DefaultOrchardHost.<CreateAndActivateShells>b__7(ShellSettings settings) in z:\Builds\work\d1eb156ccc3cb14\src\Orchard\Environment\DefaultOrchardHost.cs:line 135
ClientConnectionId:00000000-0000-0000-0000-000000000000
2014-10-18 13:14:22,592 [8] Orchard.Environment.DefaultOrchardHost - (null) - A tenant could not be started: Default
 http://localhost:32696/
System.Data.SqlClient.SqlException (0x80131904): A network-related or instance-specific error occurred while establishing a connection to SQL Server. The server was not found or was not accessible. Verify that the instance name is correct and that SQL Server is configured to allow remote connections. (provider: TCP Provider, error: 0 - The requested name is valid, but no data of the requested type was found.) ---> System.ComponentModel.Win32Exception (0x80004005): The requested name is valid, but no data of the requested type was found
   at System.Data.ProviderBase.DbConnectionPool.TryGetConnection(DbConnection owningObject, UInt32 waitForMultipleObjectsTimeout, Boolean allowCreate, Boolean onlyOneCheckConnection, DbConnectionOptions userOptions, DbConnectionInternal& connection)
   at System.Data.ProviderBase.DbConnectionPool.TryGetConnection(DbConnection owningObject, TaskCompletionSource`1 retry, DbConnectionOptions userOptions, DbConnectionInternal& connection)
   at System.Data.ProviderBase.DbConnectionFactory.TryGetConnection(DbConnection owningConnection, TaskCompletionSource`1 retry, DbConnectionOptions userOptions, DbConnectionInternal oldConnection, DbConnectionInternal& connection)
   at System.Data.ProviderBase.DbConnectionInternal.TryOpenConnectionInternal(DbConnection outerConnection, DbConnectionFactory connectionFactory, TaskCompletionSource`1 retry, DbConnectionOptions userOptions)
   at System.Data.ProviderBase.DbConnectionClosed.TryOpenConnection(DbConnection outerConnection, DbConnectionFactory connectionFactory, TaskCompletionSource`1 retry, DbConnectionOptions userOptions)
   at System.Data.SqlClient.SqlConnection.TryOpenInner(TaskCompletionSource`1 retry)
   at System.Data.SqlClient.SqlConnection.TryOpen(TaskCompletionSource`1 retry)
   at System.Data.SqlClient.SqlConnection.Open()
   at Microsoft.Practices.EnterpriseLibrary.WindowsAzure.TransientFaultHandling.SqlAzure.ReliableSqlConnection.<Open>b__7() in :line 0
   at Microsoft.Practices.TransientFaultHandling.RetryPolicy.<>c__DisplayClass1.<ExecuteAction>b__0() in :line 0
   at Microsoft.Practices.TransientFaultHandling.RetryPolicy.ExecuteAction[TResult](Func`1 func) in :line 0
   at Microsoft.Practices.TransientFaultHandling.RetryPolicy.ExecuteAction(Action action) in :line 0
   at Microsoft.Practices.EnterpriseLibrary.WindowsAzure.TransientFaultHandling.SqlAzure.ReliableSqlConnection.<Open>b__6() in :line 0
   at Microsoft.Practices.TransientFaultHandling.RetryPolicy.<>c__DisplayClass1.<ExecuteAction>b__0() in :line 0
   at Microsoft.Practices.TransientFaultHandling.RetryPolicy.ExecuteAction[TResult](Func`1 func) in :line 0
   at Microsoft.Practices.TransientFaultHandling.RetryPolicy.ExecuteAction(Action action) in :line 0
   at Microsoft.Practices.EnterpriseLibrary.WindowsAzure.TransientFaultHandling.SqlAzure.ReliableSqlConnection.Open(RetryPolicy retryPolicy) in :line 0
   at NHibernate.SqlAzure.ReliableSqlDbConnection.Open() in c:\TeamCity\buildAgent\work\99f31db0d548c7b7\NHibernate.SqlAzure\ReliableSqlDbConnection.cs:line 91
   at NHibernate.Connection.DriverConnectionProvider.GetConnection() in c:\Users\sebros\Documents\My Projects\nhibernate-core\src\NHibernate\Connection\DriverConnectionProvider.cs:line 46
   at NHibernate.AdoNet.ConnectionManager.GetConnection() in c:\Users\sebros\Documents\My Projects\nhibernate-core\src\NHibernate\AdoNet\ConnectionManager.cs:line 196
   at NHibernate.Impl.SessionImpl.get_Connection() in c:\Users\sebros\Documents\My Projects\nhibernate-core\src\NHibernate\Impl\SessionImpl.cs:line 1634
   at NHibernate.SqlAzure.ReliableAdoTransaction..ctor(ISessionImplementor session) in c:\TeamCity\buildAgent\work\99f31db0d548c7b7\NHibernate.SqlAzure\ReliableAdoTransaction.cs:line 20
   at NHibernate.SqlAzure.ReliableAdoNetWithDistributedTransactionFactory.CreateTransaction(ISessionImplementor session) in c:\TeamCity\buildAgent\work\99f31db0d548c7b7\NHibernate.SqlAzure\ReliableAdoNetWithDistributedTransactionFactory.cs:line 18
   at NHibernate.AdoNet.ConnectionManager.get_Transaction() in c:\Users\sebros\Documents\My Projects\nhibernate-core\src\NHibernate\AdoNet\ConnectionManager.cs:line 334
   at NHibernate.Impl.SessionImpl.BeginTransaction(IsolationLevel isolationLevel) in c:\Users\sebros\Documents\My Projects\nhibernate-core\src\NHibernate\Impl\SessionImpl.cs:line 1451
   at Orchard.Data.SessionLocator.Demand() in z:\Builds\work\d1eb156ccc3cb14\src\Orchard\Data\SessionLocator.cs:line 46
   at Orchard.Data.SessionLocator.For(Type entityType) in z:\Builds\work\d1eb156ccc3cb14\src\Orchard\Data\SessionLocator.cs:line 36
   at Orchard.Data.Repository`1.get_Session() in z:\Builds\work\d1eb156ccc3cb14\src\Orchard\Data\Repository.cs:line 26
   at Orchard.Data.Repository`1.get_Table() in z:\Builds\work\d1eb156ccc3cb14\src\Orchard\Data\Repository.cs:line 30
   at Orchard.Data.Repository`1.Orchard.Data.IRepository<T>.get_Table() in z:\Builds\work\d1eb156ccc3cb14\src\Orchard\Data\Repository.cs:line 64
   at Orchard.Core.Settings.Descriptor.ShellDescriptorManager.GetDescriptorRecord() in z:\Builds\work\d1eb156ccc3cb14\src\Orchard.Web\Core\Settings\Descriptor\ShellDescriptorManager.cs:line 60
   at Orchard.Core.Settings.Descriptor.ShellDescriptorManager.GetShellDescriptor() in z:\Builds\work\d1eb156ccc3cb14\src\Orchard.Web\Core\Settings\Descriptor\ShellDescriptorManager.cs:line 32
   at Orchard.Environment.ShellBuilders.ShellContextFactory.CreateShellContext(ShellSettings settings) in z:\Builds\work\d1eb156ccc3cb14\src\Orchard\Environment\ShellBuilders\ShellContextFactory.cs:line 66
   at Orchard.Environment.DefaultOrchardHost.CreateShellContext(ShellSettings settings) in z:\Builds\work\d1eb156ccc3cb14\src\Orchard\Environment\DefaultOrchardHost.cs:line 185
   at Orchard.Environment.DefaultOrchardHost.<CreateAndActivateShells>b__7(ShellSettings settings) in z:\Builds\work\d1eb156ccc3cb14\src\Orchard\Environment\DefaultOrchardHost.cs:line 135
ClientConnectionId:00000000-0000-0000-0000-000000000000
2014-10-18 13:14:23,016 [9] Orchard.Environment.DefaultOrchardHost - (null) - A tenant could not be started: Default
 http://localhost:32696/
System.Data.SqlClient.SqlException (0x80131904): A network-related or instance-specific error occurred while establishing a connection to SQL Server. The server was not found or was not accessible. Verify that the instance name is correct and that SQL Server is configured to allow remote connections. (provider: TCP Provider, error: 0 - The requested name is valid, but no data of the requested type was found.) ---> System.ComponentModel.Win32Exception (0x80004005): The requested name is valid, but no data of the requested type was found
   at System.Data.ProviderBase.DbConnectionPool.TryGetConnection(DbConnection owningObject, UInt32 waitForMultipleObjectsTimeout, Boolean allowCreate, Boolean onlyOneCheckConnection, DbConnectionOptions userOptions, DbConnectionInternal& connection)
   at System.Data.ProviderBase.DbConnectionPool.TryGetConnection(DbConnection owningObject, TaskCompletionSource`1 retry, DbConnectionOptions userOptions, DbConnectionInternal& connection)
   at System.Data.ProviderBase.DbConnectionFactory.TryGetConnection(DbConnection owningConnection, TaskCompletionSource`1 retry, DbConnectionOptions userOptions, DbConnectionInternal oldConnection, DbConnectionInternal& connection)
   at System.Data.ProviderBase.DbConnectionInternal.TryOpenConnectionInternal(DbConnection outerConnection, DbConnectionFactory connectionFactory, TaskCompletionSource`1 retry, DbConnectionOptions userOptions)
   at System.Data.ProviderBase.DbConnectionClosed.TryOpenConnection(DbConnection outerConnection, DbConnectionFactory connectionFactory, TaskCompletionSource`1 retry, DbConnectionOptions userOptions)
   at System.Data.SqlClient.SqlConnection.TryOpenInner(TaskCompletionSource`1 retry)
   at System.Data.SqlClient.SqlConnection.TryOpen(TaskCompletionSource`1 retry)
   at System.Data.SqlClient.SqlConnection.Open()
   at Microsoft.Practices.EnterpriseLibrary.WindowsAzure.TransientFaultHandling.SqlAzure.ReliableSqlConnection.<Open>b__7() in :line 0
   at Microsoft.Practices.TransientFaultHandling.RetryPolicy.<>c__DisplayClass1.<ExecuteAction>b__0() in :line 0
   at Microsoft.Practices.TransientFaultHandling.RetryPolicy.ExecuteAction[TResult](Func`1 func) in :line 0
   at Microsoft.Practices.TransientFaultHandling.RetryPolicy.ExecuteAction(Action action) in :line 0
   at Microsoft.Practices.EnterpriseLibrary.WindowsAzure.TransientFaultHandling.SqlAzure.ReliableSqlConnection.<Open>b__6() in :line 0
   at Microsoft.Practices.TransientFaultHandling.RetryPolicy.<>c__DisplayClass1.<ExecuteAction>b__0() in :line 0
   at Microsoft.Practices.TransientFaultHandling.RetryPolicy.ExecuteAction[TResult](Func`1 func) in :line 0
   at Microsoft.Practices.TransientFaultHandling.RetryPolicy.ExecuteAction(Action action) in :line 0
   at Microsoft.Practices.EnterpriseLibrary.WindowsAzure.TransientFaultHandling.SqlAzure.ReliableSqlConnection.Open(RetryPolicy retryPolicy) in :line 0
   at NHibernate.SqlAzure.ReliableSqlDbConnection.Open() in c:\TeamCity\buildAgent\work\99f31db0d548c7b7\NHibernate.SqlAzure\ReliableSqlDbConnection.cs:line 91
   at NHibernate.Connection.DriverConnectionProvider.GetConnection() in c:\Users\sebros\Documents\My Projects\nhibernate-core\src\NHibernate\Connection\DriverConnectionProvider.cs:line 46
   at NHibernate.AdoNet.ConnectionManager.GetConnection() in c:\Users\sebros\Documents\My Projects\nhibernate-core\src\NHibernate\AdoNet\ConnectionManager.cs:line 196
   at NHibernate.Impl.SessionImpl.get_Connection() in c:\Users\sebros\Documents\My Projects\nhibernate-core\src\NHibernate\Impl\SessionImpl.cs:line 1634
   at NHibernate.SqlAzure.ReliableAdoTransaction..ctor(ISessionImplementor session) in c:\TeamCity\buildAgent\work\99f31db0d548c7b7\NHibernate.SqlAzure\ReliableAdoTransaction.cs:line 20
   at NHibernate.SqlAzure.ReliableAdoNetWithDistributedTransactionFactory.CreateTransaction(ISessionImplementor session) in c:\TeamCity\buildAgent\work\99f31db0d548c7b7\NHibernate.SqlAzure\ReliableAdoNetWithDistributedTransactionFactory.cs:line 18
   at NHibernate.AdoNet.ConnectionManager.get_Transaction() in c:\Users\sebros\Documents\My Projects\nhibernate-core\src\NHibernate\AdoNet\ConnectionManager.cs:line 334
   at NHibernate.Impl.SessionImpl.BeginTransaction(IsolationLevel isolationLevel) in c:\Users\sebros\Documents\My Projects\nhibernate-core\src\NHibernate\Impl\SessionImpl.cs:line 1451
   at Orchard.Data.SessionLocator.Demand() in z:\Builds\work\d1eb156ccc3cb14\src\Orchard\Data\SessionLocator.cs:line 46
   at Orchard.Data.SessionLocator.For(Type entityType) in z:\Builds\work\d1eb156ccc3cb14\src\Orchard\Data\SessionLocator.cs:line 36
   at Orchard.Data.Repository`1.get_Session() in z:\Builds\work\d1eb156ccc3cb14\src\Orchard\Data\Repository.cs:line 26
   at Orchard.Data.Repository`1.get_Table() in z:\Builds\work\d1eb156ccc3cb14\src\Orchard\Data\Repository.cs:line 30
   at Orchard.Data.Repository`1.Orchard.Data.IRepository<T>.get_Table() in z:\Builds\work\d1eb156ccc3cb14\src\Orchard\Data\Repository.cs:line 64
   at Orchard.Core.Settings.Descriptor.ShellDescriptorManager.GetDescriptorRecord() in z:\Builds\work\d1eb156ccc3cb14\src\Orchard.Web\Core\Settings\Descriptor\ShellDescriptorManager.cs:line 60
   at Orchard.Core.Settings.Descriptor.ShellDescriptorManager.GetShellDescriptor() in z:\Builds\work\d1eb156ccc3cb14\src\Orchard.Web\Core\Settings\Descriptor\ShellDescriptorManager.cs:line 32
   at Orchard.Environment.ShellBuilders.ShellContextFactory.CreateShellContext(ShellSettings settings) in z:\Builds\work\d1eb156ccc3cb14\src\Orchard\Environment\ShellBuilders\ShellContextFactory.cs:line 66
   at Orchard.Environment.DefaultOrchardHost.CreateShellContext(ShellSettings settings) in z:\Builds\work\d1eb156ccc3cb14\src\Orchard\Environment\DefaultOrchardHost.cs:line 185
   at Orchard.Environment.DefaultOrchardHost.<CreateAndActivateShells>b__7(ShellSettings settings) in z:\Builds\work\d1eb156ccc3cb14\src\Orchard\Environment\DefaultOrchardHost.cs:line 135
ClientConnectionId:00000000-0000-0000-0000-000000000000
2014-10-18 13:14:23,440 [11] Orchard.Environment.DefaultOrchardHost - (null) - A tenant could not be started: Default
 http://localhost:32696/favicon.ico
System.Data.SqlClient.SqlException (0x80131904): A network-related or instance-specific error occurred while establishing a connection to SQL Server. The server was not found or was not accessible. Verify that the instance name is correct and that SQL Server is configured to allow remote connections. (provider: TCP Provider, error: 0 - The requested name is valid, but no data of the requested type was found.) ---> System.ComponentModel.Win32Exception (0x80004005): The requested name is valid, but no data of the requested type was found
   at System.Data.ProviderBase.DbConnectionPool.TryGetConnection(DbConnection owningObject, UInt32 waitForMultipleObjectsTimeout, Boolean allowCreate, Boolean onlyOneCheckConnection, DbConnectionOptions userOptions, DbConnectionInternal& connection)
   at System.Data.ProviderBase.DbConnectionPool.TryGetConnection(DbConnection owningObject, TaskCompletionSource`1 retry, DbConnectionOptions userOptions, DbConnectionInternal& connection)
   at System.Data.ProviderBase.DbConnectionFactory.TryGetConnection(DbConnection owningConnection, TaskCompletionSource`1 retry, DbConnectionOptions userOptions, DbConnectionInternal oldConnection, DbConnectionInternal& connection)
   at System.Data.ProviderBase.DbConnectionInternal.TryOpenConnectionInternal(DbConnection outerConnection, DbConnectionFactory connectionFactory, TaskCompletionSource`1 retry, DbConnectionOptions userOptions)
   at System.Data.ProviderBase.DbConnectionClosed.TryOpenConnection(DbConnection outerConnection, DbConnectionFactory connectionFactory, TaskCompletionSource`1 retry, DbConnectionOptions userOptions)
   at System.Data.SqlClient.SqlConnection.TryOpenInner(TaskCompletionSource`1 retry)
   at System.Data.SqlClient.SqlConnection.TryOpen(TaskCompletionSource`1 retry)
   at System.Data.SqlClient.SqlConnection.Open()
   at Microsoft.Practices.EnterpriseLibrary.WindowsAzure.TransientFaultHandling.SqlAzure.ReliableSqlConnection.<Open>b__7() in :line 0
   at Microsoft.Practices.TransientFaultHandling.RetryPolicy.<>c__DisplayClass1.<ExecuteAction>b__0() in :line 0
   at Microsoft.Practices.TransientFaultHandling.RetryPolicy.ExecuteAction[TResult](Func`1 func) in :line 0
   at Microsoft.Practices.TransientFaultHandling.RetryPolicy.ExecuteAction(Action action) in :line 0
   at Microsoft.Practices.EnterpriseLibrary.WindowsAzure.TransientFaultHandling.SqlAzure.ReliableSqlConnection.<Open>b__6() in :line 0
   at Microsoft.Practices.TransientFaultHandling.RetryPolicy.<>c__DisplayClass1.<ExecuteAction>b__0() in :line 0
   at Microsoft.Practices.TransientFaultHandling.RetryPolicy.ExecuteAction[TResult](Func`1 func) in :line 0
   at Microsoft.Practices.TransientFaultHandling.RetryPolicy.ExecuteAction(Action action) in :line 0
   at Microsoft.Practices.EnterpriseLibrary.WindowsAzure.TransientFaultHandling.SqlAzure.ReliableSqlConnection.Open(RetryPolicy retryPolicy) in :line 0
   at NHibernate.SqlAzure.ReliableSqlDbConnection.Open() in c:\TeamCity\buildAgent\work\99f31db0d548c7b7\NHibernate.SqlAzure\ReliableSqlDbConnection.cs:line 91
   at NHibernate.Connection.DriverConnectionProvider.GetConnection() in c:\Users\sebros\Documents\My Projects\nhibernate-core\src\NHibernate\Connection\DriverConnectionProvider.cs:line 46
   at NHibernate.AdoNet.ConnectionManager.GetConnection() in c:\Users\sebros\Documents\My Projects\nhibernate-core\src\NHibernate\AdoNet\ConnectionManager.cs:line 196
   at NHibernate.Impl.SessionImpl.get_Connection() in c:\Users\sebros\Documents\My Projects\nhibernate-core\src\NHibernate\Impl\SessionImpl.cs:line 1634
   at NHibernate.SqlAzure.ReliableAdoTransaction..ctor(ISessionImplementor session) in c:\TeamCity\buildAgent\work\99f31db0d548c7b7\NHibernate.SqlAzure\ReliableAdoTransaction.cs:line 20
   at NHibernate.SqlAzure.ReliableAdoNetWithDistributedTransactionFactory.CreateTransaction(ISessionImplementor session) in c:\TeamCity\buildAgent\work\99f31db0d548c7b7\NHibernate.SqlAzure\ReliableAdoNetWithDistributedTransactionFactory.cs:line 18
   at NHibernate.AdoNet.ConnectionManager.get_Transaction() in c:\Users\sebros\Documents\My Projects\nhibernate-core\src\NHibernate\AdoNet\ConnectionManager.cs:line 334
   at NHibernate.Impl.SessionImpl.BeginTransaction(IsolationLevel isolationLevel) in c:\Users\sebros\Documents\My Projects\nhibernate-core\src\NHibernate\Impl\SessionImpl.cs:line 1451
   at Orchard.Data.SessionLocator.Demand() in z:\Builds\work\d1eb156ccc3cb14\src\Orchard\Data\SessionLocator.cs:line 46
   at Orchard.Data.SessionLocator.For(Type entityType) in z:\Builds\work\d1eb156ccc3cb14\src\Orchard\Data\SessionLocator.cs:line 36
   at Orchard.Data.Repository`1.get_Session() in z:\Builds\work\d1eb156ccc3cb14\src\Orchard\Data\Repository.cs:line 26
   at Orchard.Data.Repository`1.get_Table() in z:\Builds\work\d1eb156ccc3cb14\src\Orchard\Data\Repository.cs:line 30
   at Orchard.Data.Repository`1.Orchard.Data.IRepository<T>.get_Table() in z:\Builds\work\d1eb156ccc3cb14\src\Orchard\Data\Repository.cs:line 64
   at Orchard.Core.Settings.Descriptor.ShellDescriptorManager.GetDescriptorRecord() in z:\Builds\work\d1eb156ccc3cb14\src\Orchard.Web\Core\Settings\Descriptor\ShellDescriptorManager.cs:line 60
   at Orchard.Core.Settings.Descriptor.ShellDescriptorManager.GetShellDescriptor() in z:\Builds\work\d1eb156ccc3cb14\src\Orchard.Web\Core\Settings\Descriptor\ShellDescriptorManager.cs:line 32
   at Orchard.Environment.ShellBuilders.ShellContextFactory.CreateShellContext(ShellSettings settings) in z:\Builds\work\d1eb156ccc3cb14\src\Orchard\Environment\ShellBuilders\ShellContextFactory.cs:line 66
   at Orchard.Environment.DefaultOrchardHost.CreateShellContext(ShellSettings settings) in z:\Builds\work\d1eb156ccc3cb14\src\Orchard\Environment\DefaultOrchardHost.cs:line 185
   at Orchard.Environment.DefaultOrchardHost.<CreateAndActivateShells>b__7(ShellSettings settings) in z:\Builds\work\d1eb156ccc3cb14\src\Orchard\Environment\DefaultOrchardHost.cs:line 135
ClientConnectionId:00000000-0000-0000-0000-000000000000
2014-10-18 14:46:12,634 [27] Orchard.Exceptions.DefaultExceptionPolicy - Default - An unexpected exception was caught
 http://localhost:32696/console/genesis
System.AggregateException: One or more errors occurred. ---> System.Xml.XmlException: 'Parts_Title_Summary' is a duplicate attribute name. Line 27, position 12.
   at System.Xml.XmlTextReaderImpl.Throw(Exception e)
   at System.Xml.XmlTextReaderImpl.AttributeDuplCheck()
   at System.Xml.XmlTextReaderImpl.ParseAttributes()
   at System.Xml.XmlTextReaderImpl.ParseElement()
   at System.Xml.XmlTextReaderImpl.ParseElementContent()
   at System.Xml.XmlTextReaderImpl.Read()
   at System.Xml.Linq.XContainer.ReadContentFrom(XmlReader r)
   at System.Xml.Linq.XContainer.ReadContentFrom(XmlReader r, LoadOptions o)
   at System.Xml.Linq.XElement.ReadElementFrom(XmlReader r, LoadOptions o)
   at System.Xml.Linq.XElement.Load(XmlReader reader, LoadOptions options)
   at System.Xml.Linq.XElement.Parse(String text, LoadOptions options)
   at Orchard.DisplayManagement.Descriptors.ShapePlacementStrategy.PlacementFileParser.ParseImplementation(String virtualPath, String placementText) in z:\Builds\work\d1eb156ccc3cb14\src\Orchard\DisplayManagement\Descriptors\ShapePlacementStrategy\PlacementFileParser.cs:line 50
   at Orchard.DisplayManagement.Descriptors.ShapePlacementStrategy.PlacementFileParser.<>c__DisplayClass1.<Parse>b__0(AcquireContext`1 context) in z:\Builds\work\d1eb156ccc3cb14\src\Orchard\DisplayManagement\Descriptors\ShapePlacementStrategy\PlacementFileParser.cs:line 39
   at Orchard.Caching.Cache`2.CreateEntry(TKey k, Func`2 acquire) in z:\Builds\work\d1eb156ccc3cb14\src\Orchard\Caching\Cache.cs:line 57
   at Orchard.Caching.Cache`2.UpdateEntry(CacheEntry currentEntry, TKey k, Func`2 acquire) in z:\Builds\work\d1eb156ccc3cb14\src\Orchard\Caching\Cache.cs:line 33
   at Orchard.Caching.Cache`2.<>c__DisplayClass2.<Get>b__1(TKey k, CacheEntry currentEntry) in z:\Builds\work\d1eb156ccc3cb14\src\Orchard\Caching\Cache.cs:line 21
   at System.Collections.Concurrent.ConcurrentDictionary`2.AddOrUpdate(TKey key, Func`2 addValueFactory, Func`3 updateValueFactory)
   at Orchard.Caching.Cache`2.Get(TKey key, Func`2 acquire) in z:\Builds\work\d1eb156ccc3cb14\src\Orchard\Caching\Cache.cs:line 17
   at Orchard.Caching.DefaultCacheManager.Get[TKey,TResult](TKey key, Func`2 acquire) in z:\Builds\work\d1eb156ccc3cb14\src\Orchard\Caching\DefaultCacheManager.cs:line 33
   at Orchard.DisplayManagement.Descriptors.ShapePlacementStrategy.PlacementFileParser.Parse(String virtualPath) in z:\Builds\work\d1eb156ccc3cb14\src\Orchard\DisplayManagement\Descriptors\ShapePlacementStrategy\PlacementFileParser.cs:line 32
   at Orchard.DisplayManagement.Descriptors.ShapePlacementStrategy.ShapePlacementParsingStrategy.ProcessFeatureDescriptor(ShapeTableBuilder builder, FeatureDescriptor featureDescriptor) in z:\Builds\work\d1eb156ccc3cb14\src\Orchard\DisplayManagement\Descriptors\ShapePlacementStrategy\ShapePlacementParsingStrategy.cs:line 43
   at Orchard.DisplayManagement.Descriptors.ShapePlacementStrategy.ShapePlacementParsingStrategy.Discover(ShapeTableBuilder builder) in z:\Builds\work\d1eb156ccc3cb14\src\Orchard\DisplayManagement\Descriptors\ShapePlacementStrategy\ShapePlacementParsingStrategy.cs:line 36
   at Orchard.DisplayManagement.Descriptors.DefaultShapeTableManager.<>c__DisplayClass10.<GetShapeTable>b__4(Meta`1 bindingStrategy) in z:\Builds\work\d1eb156ccc3cb14\src\Orchard\DisplayManagement\Descriptors\DefaultShapeTableManager.cs:line 47
   at Orchard.Caching.DefaultParallelCacheContext.<>c__DisplayClass5`2.<>c__DisplayClass7.<RunInParallel>b__1() in z:\Builds\work\d1eb156ccc3cb14\src\Orchard\Caching\DefaultParallelCacheContext.cs:line 24
   at Orchard.Caching.DefaultParallelCacheContext.TaskWithAcquireContext`1.Execute() in z:\Builds\work\d1eb156ccc3cb14\src\Orchard\Caching\DefaultParallelCacheContext.cs:line 71
   at Orchard.Caching.DefaultParallelCacheContext.<RunInParallel>b__2[T,TResult](ITask`1 task) in z:\Builds\work\d1eb156ccc3cb14\src\Orchard\Caching\DefaultParallelCacheContext.cs:line 30
   at System.Linq.Parallel.SelectQueryOperator`2.SelectQueryOperatorResults.GetElement(Int32 index)
   at System.Linq.Parallel.ArrayMergeHelper`1.ToArrayElement(Int32 index)
   at System.Linq.Parallel.ForAllOperator`1.ForAllEnumerator`1.MoveNext(TInput& currentElement, Int32& currentKey)
   at System.Linq.Parallel.ForAllSpoolingTask`2.SpoolingWork()
   at System.Linq.Parallel.SpoolingTaskBase.Work()
   at System.Linq.Parallel.QueryTask.BaseWork(Object unused)
   at System.Linq.Parallel.QueryTask.RunTaskSynchronously(Object o)
   at System.Threading.Tasks.Task.InnerInvoke()
   at System.Threading.Tasks.Task.Execute()
   --- End of inner exception stack trace ---
   at System.Linq.Parallel.QueryTaskGroupState.QueryEnd(Boolean userInitiatedDispose)
   at System.Linq.Parallel.SpoolingTask.SpoolForAll[TInputOutput,TIgnoreKey](QueryTaskGroupState groupState, PartitionedStream`2 partitions, TaskScheduler taskScheduler)
   at System.Linq.Parallel.DefaultMergeHelper`2.System.Linq.Parallel.IMergeHelper<TInputOutput>.Execute()
   at System.Linq.Parallel.MergeExecutor`1.Execute[TKey](PartitionedStream`2 partitions, Boolean ignoreOutput, ParallelMergeOptions options, TaskScheduler taskScheduler, Boolean isOrdered, CancellationState cancellationState, Int32 queryId)
   at System.Linq.Parallel.PartitionedStreamMerger`1.Receive[TKey](PartitionedStream`2 partitionedStream)
   at System.Linq.Parallel.ForAllOperator`1.WrapPartitionedStream[TKey](PartitionedStream`2 inputStream, IPartitionedStreamRecipient`1 recipient, Boolean preferStriping, QuerySettings settings)
   at System.Linq.Parallel.UnaryQueryOperator`2.UnaryQueryOperatorResults.ChildResultsRecipient.Receive[TKey](PartitionedStream`2 inputStream)
   at System.Linq.Parallel.ScanQueryOperator`1.ScanEnumerableQueryOperatorResults.GivePartitionedStream(IPartitionedStreamRecipient`1 recipient)
   at System.Linq.Parallel.UnaryQueryOperator`2.UnaryQueryOperatorResults.GivePartitionedStream(IPartitionedStreamRecipient`1 recipient)
   at System.Linq.Parallel.QueryOperator`1.GetOpenedEnumerator(Nullable`1 mergeOptions, Boolean suppressOrder, Boolean forEffect, QuerySettings querySettings)
   at System.Linq.Parallel.ForAllOperator`1.RunSynchronously()
   at System.Linq.ParallelEnumerable.ForAll[TSource](ParallelQuery`1 source, Action`1 action)
   at System.Linq.Parallel.ArrayMergeHelper`1.Execute()
   at System.Linq.Parallel.QueryOperator`1.ExecuteAndGetResultsAsArray()
   at System.Linq.ParallelEnumerable.ToArray[TSource](ParallelQuery`1 source)
   at Orchard.Caching.DefaultParallelCacheContext.RunInParallel[T,TResult](IEnumerable`1 source, Func`2 selector) in z:\Builds\work\d1eb156ccc3cb14\src\Orchard\Caching\DefaultParallelCacheContext.cs:line 27
   at Orchard.DisplayManagement.Descriptors.DefaultShapeTableManager.<>c__DisplayClass10.<GetShapeTable>b__3(AcquireContext`1 x) in z:\Builds\work\d1eb156ccc3cb14\src\Orchard\DisplayManagement\Descriptors\DefaultShapeTableManager.cs:line 42
   at Orchard.Caching.Cache`2.CreateEntry(TKey k, Func`2 acquire) in z:\Builds\work\d1eb156ccc3cb14\src\Orchard\Caching\Cache.cs:line 57
   at Orchard.Caching.Cache`2.UpdateEntry(CacheEntry currentEntry, TKey k, Func`2 acquire) in z:\Builds\work\d1eb156ccc3cb14\src\Orchard\Caching\Cache.cs:line 33
   at Orchard.Caching.Cache`2.<>c__DisplayClass2.<Get>b__1(TKey k, CacheEntry currentEntry) in z:\Builds\work\d1eb156ccc3cb14\src\Orchard\Caching\Cache.cs:line 21
   at System.Collections.Concurrent.ConcurrentDictionary`2.AddOrUpdate(TKey key, Func`2 addValueFactory, Func`3 updateValueFactory)
   at Orchard.Caching.Cache`2.Get(TKey key, Func`2 acquire) in z:\Builds\work\d1eb156ccc3cb14\src\Orchard\Caching\Cache.cs:line 17
   at Orchard.Caching.DefaultCacheManager.Get[TKey,TResult](TKey key, Func`2 acquire) in z:\Builds\work\d1eb156ccc3cb14\src\Orchard\Caching\DefaultCacheManager.cs:line 33
   at Orchard.DisplayManagement.Descriptors.DefaultShapeTableManager.GetShapeTable(String themeName) in z:\Builds\work\d1eb156ccc3cb14\src\Orchard\DisplayManagement\Descriptors\DefaultShapeTableManager.cs:line 39
   at Orchard.DisplayManagement.Descriptors.ShapeTableLocator.<>c__DisplayClass1.<Lookup>b__0(String _) in z:\Builds\work\d1eb156ccc3cb14\src\Orchard\DisplayManagement\Descriptors\ShapeTableLocator.cs:line 28
   at System.Collections.Concurrent.ConcurrentDictionary`2.GetOrAdd(TKey key, Func`2 valueFactory)
   at Orchard.DisplayManagement.Descriptors.ShapeTableLocator.Lookup(String themeName) in z:\Builds\work\d1eb156ccc3cb14\src\Orchard\DisplayManagement\Descriptors\ShapeTableLocator.cs:line 28
   at Orchard.DisplayManagement.Implementation.DefaultShapeFactory.Create(String shapeType, INamedEnumerable`1 parameters, Func`1 createShape) in z:\Builds\work\d1eb156ccc3cb14\src\Orchard\DisplayManagement\Implementation\DefaultShapeFactory.cs:line 35
   at Orchard.ContentManagement.DefaultContentDisplay.CreateItemShape(String actualShapeType) in z:\Builds\work\d1eb156ccc3cb14\src\Orchard\ContentManagement\DefaultContentDisplay.cs:line 115
   at Orchard.ContentManagement.DefaultContentDisplay.BuildDisplay(IContent content, String displayType, String groupId) in z:\Builds\work\d1eb156ccc3cb14\src\Orchard\ContentManagement\DefaultContentDisplay.cs:line 48
   at Orchard.ContentManagement.DefaultContentManager.BuildDisplay(IContent content, String displayType, String groupId) in z:\Builds\work\d1eb156ccc3cb14\src\Orchard\ContentManagement\DefaultContentManager.cs:line 632
   at Orchard.Core.Contents.Controllers.ItemController.Display(Int32 id) in z:\Builds\work\d1eb156ccc3cb14\src\Orchard.Web\Core\Contents\Controllers\ItemController.cs:line 35
   at lambda_method(Closure , ControllerBase , Object[] )
   at System.Web.Mvc.ActionMethodDispatcher.Execute(ControllerBase controller, Object[] parameters)
   at System.Web.Mvc.ReflectedActionDescriptor.Execute(ControllerContext controllerContext, IDictionary`2 parameters)
   at System.Web.Mvc.ControllerActionInvoker.InvokeActionMethod(ControllerContext controllerContext, ActionDescriptor actionDescriptor, IDictionary`2 parameters)
   at System.Web.Mvc.Async.AsyncControllerActionInvoker.<BeginInvokeSynchronousActionMethod>b__39(IAsyncResult asyncResult, ActionInvocation innerInvokeState)
   at System.Web.Mvc.Async.AsyncResultWrapper.WrappedAsyncResult`2.CallEndDelegate(IAsyncResult asyncResult)
   at System.Web.Mvc.Async.AsyncResultWrapper.WrappedAsyncResultBase`1.End()
   at System.Web.Mvc.Async.AsyncControllerActionInvoker.EndInvokeActionMethod(IAsyncResult asyncResult)
   at System.Web.Mvc.Async.AsyncControllerActionInvoker.AsyncInvocationWithFilters.<InvokeActionMethodFilterAsynchronouslyRecursive>b__3f()
   at System.Web.Mvc.Async.AsyncControllerActionInvoker.AsyncInvocationWithFilters.<>c__DisplayClass48.<InvokeActionMethodFilterAsynchronouslyRecursive>b__41()
   at System.Web.Mvc.Async.AsyncControllerActionInvoker.AsyncInvocationWithFilters.<>c__DisplayClass48.<InvokeActionMethodFilterAsynchronouslyRecursive>b__41()
---> (Inner Exception #0) System.Xml.XmlException: 'Parts_Title_Summary' is a duplicate attribute name. Line 27, position 12.
   at System.Xml.XmlTextReaderImpl.Throw(Exception e)
   at System.Xml.XmlTextReaderImpl.AttributeDuplCheck()
   at System.Xml.XmlTextReaderImpl.ParseAttributes()
   at System.Xml.XmlTextReaderImpl.ParseElement()
   at System.Xml.XmlTextReaderImpl.ParseElementContent()
   at System.Xml.XmlTextReaderImpl.Read()
   at System.Xml.Linq.XContainer.ReadContentFrom(XmlReader r)
   at System.Xml.Linq.XContainer.ReadContentFrom(XmlReader r, LoadOptions o)
   at System.Xml.Linq.XElement.ReadElementFrom(XmlReader r, LoadOptions o)
   at System.Xml.Linq.XElement.Load(XmlReader reader, LoadOptions options)
   at System.Xml.Linq.XElement.Parse(String text, LoadOptions options)
   at Orchard.DisplayManagement.Descriptors.ShapePlacementStrategy.PlacementFileParser.ParseImplementation(String virtualPath, String placementText) in z:\Builds\work\d1eb156ccc3cb14\src\Orchard\DisplayManagement\Descriptors\ShapePlacementStrategy\PlacementFileParser.cs:line 50
   at Orchard.DisplayManagement.Descriptors.ShapePlacementStrategy.PlacementFileParser.<>c__DisplayClass1.<Parse>b__0(AcquireContext`1 context) in z:\Builds\work\d1eb156ccc3cb14\src\Orchard\DisplayManagement\Descriptors\ShapePlacementStrategy\PlacementFileParser.cs:line 39
   at Orchard.Caching.Cache`2.CreateEntry(TKey k, Func`2 acquire) in z:\Builds\work\d1eb156ccc3cb14\src\Orchard\Caching\Cache.cs:line 57
   at Orchard.Caching.Cache`2.UpdateEntry(CacheEntry currentEntry, TKey k, Func`2 acquire) in z:\Builds\work\d1eb156ccc3cb14\src\Orchard\Caching\Cache.cs:line 33
   at Orchard.Caching.Cache`2.<>c__DisplayClass2.<Get>b__1(TKey k, CacheEntry currentEntry) in z:\Builds\work\d1eb156ccc3cb14\src\Orchard\Caching\Cache.cs:line 21
   at System.Collections.Concurrent.ConcurrentDictionary`2.AddOrUpdate(TKey key, Func`2 addValueFactory, Func`3 updateValueFactory)
   at Orchard.Caching.Cache`2.Get(TKey key, Func`2 acquire) in z:\Builds\work\d1eb156ccc3cb14\src\Orchard\Caching\Cache.cs:line 17
   at Orchard.Caching.DefaultCacheManager.Get[TKey,TResult](TKey key, Func`2 acquire) in z:\Builds\work\d1eb156ccc3cb14\src\Orchard\Caching\DefaultCacheManager.cs:line 33
   at Orchard.DisplayManagement.Descriptors.ShapePlacementStrategy.PlacementFileParser.Parse(String virtualPath) in z:\Builds\work\d1eb156ccc3cb14\src\Orchard\DisplayManagement\Descriptors\ShapePlacementStrategy\PlacementFileParser.cs:line 32
   at Orchard.DisplayManagement.Descriptors.ShapePlacementStrategy.ShapePlacementParsingStrategy.ProcessFeatureDescriptor(ShapeTableBuilder builder, FeatureDescriptor featureDescriptor) in z:\Builds\work\d1eb156ccc3cb14\src\Orchard\DisplayManagement\Descriptors\ShapePlacementStrategy\ShapePlacementParsingStrategy.cs:line 43
   at Orchard.DisplayManagement.Descriptors.ShapePlacementStrategy.ShapePlacementParsingStrategy.Discover(ShapeTableBuilder builder) in z:\Builds\work\d1eb156ccc3cb14\src\Orchard\DisplayManagement\Descriptors\ShapePlacementStrategy\ShapePlacementParsingStrategy.cs:line 36
   at Orchard.DisplayManagement.Descriptors.DefaultShapeTableManager.<>c__DisplayClass10.<GetShapeTable>b__4(Meta`1 bindingStrategy) in z:\Builds\work\d1eb156ccc3cb14\src\Orchard\DisplayManagement\Descriptors\DefaultShapeTableManager.cs:line 47
   at Orchard.Caching.DefaultParallelCacheContext.<>c__DisplayClass5`2.<>c__DisplayClass7.<RunInParallel>b__1() in z:\Builds\work\d1eb156ccc3cb14\src\Orchard\Caching\DefaultParallelCacheContext.cs:line 24
   at Orchard.Caching.DefaultParallelCacheContext.TaskWithAcquireContext`1.Execute() 